<?xml version="1.0" encoding="UTF-8"?>
<!-- Generated by org.testng.reporters.JUnitReportReporter -->
<testsuite skipped="0" hostname="LAPTOP-3LM0TE9V" name="com.capsulecrm.qa.tests.LoginCapsuleCRMTest" tests="1" failures="0" timestamp="01 Jun 2019 15:31:56 GMT" time="10.920" errors="0">
  <testcase name="LoginTest" time="10.920" classname="com.capsulecrm.qa.tests.LoginCapsuleCRMTest"/>
</testsuite> <!-- com.capsulecrm.qa.tests.LoginCapsuleCRMTest -->
