<?xml version="1.0" encoding="UTF-8"?>
<!-- Generated by org.testng.reporters.JUnitReportReporter -->
<testsuite skipped="0" hostname="LAPTOP-3LM0TE9V" name="com.capsulecrm.qa.tests.AccountSettingTest" tests="1" failures="0" timestamp="01 Jun 2019 15:34:22 GMT" time="12.503" errors="0">
  <testcase name="AccountSettingValidTest" time="12.503" classname="com.capsulecrm.qa.tests.AccountSettingTest"/>
</testsuite> <!-- com.capsulecrm.qa.tests.AccountSettingTest -->
